Start testing: Jul 28 11:46 EDT
----------------------------------------------------------
1/11 Testing: LCGRandomTest.ValuesAreInRange
1/11 Test: LCGRandomTest.ValuesAreInRange
Command: "/Users/kevinnguyen/Documents/quant study materials/projects/MonteCarloEngine/build/random_tests" "--gtest_filter=LCGRandomTest.ValuesAreInRange" "--gtest_also_run_disabled_tests"
Directory: /Users/kevinnguyen/Documents/quant study materials/projects/MonteCarloEngine/build
"LCGRandomTest.ValuesAreInRange" start time: Jul 28 11:46 EDT
Output:
----------------------------------------------------------
Running main() from /Users/kevinnguyen/Documents/quant study materials/projects/MonteCarloEngine/build/_deps/googletest-src/googletest/src/gtest_main.cc
Note: Google Test filter = LCGRandomTest.ValuesAreInRange
[==========] Running 1 test from 1 test suite.
[----------] Global test environment set-up.
[----------] 1 test from LCGRandomTest
[ RUN      ] LCGRandomTest.ValuesAreInRange
[       OK ] LCGRandomTest.ValuesAreInRange (2 ms)
[----------] 1 test from LCGRandomTest (2 ms total)

[----------] Global test environment tear-down
[==========] 1 test from 1 test suite ran. (2 ms total)
[  PASSED  ] 1 test.
<end of output>
Test time =   0.01 sec
----------------------------------------------------------
Test Passed.
"LCGRandomTest.ValuesAreInRange" end time: Jul 28 11:46 EDT
"LCGRandomTest.ValuesAreInRange" time elapsed: 00:00:00
----------------------------------------------------------

2/11 Testing: LCGRandomTest.SameSeedProducesSameSequence
2/11 Test: LCGRandomTest.SameSeedProducesSameSequence
Command: "/Users/kevinnguyen/Documents/quant study materials/projects/MonteCarloEngine/build/random_tests" "--gtest_filter=LCGRandomTest.SameSeedProducesSameSequence" "--gtest_also_run_disabled_tests"
Directory: /Users/kevinnguyen/Documents/quant study materials/projects/MonteCarloEngine/build
"LCGRandomTest.SameSeedProducesSameSequence" start time: Jul 28 11:46 EDT
Output:
----------------------------------------------------------
Running main() from /Users/kevinnguyen/Documents/quant study materials/projects/MonteCarloEngine/build/_deps/googletest-src/googletest/src/gtest_main.cc
Note: Google Test filter = LCGRandomTest.SameSeedProducesSameSequence
[==========] Running 1 test from 1 test suite.
[----------] Global test environment set-up.
[----------] 1 test from LCGRandomTest
[ RUN      ] LCGRandomTest.SameSeedProducesSameSequence
[       OK ] LCGRandomTest.SameSeedProducesSameSequence (0 ms)
[----------] 1 test from LCGRandomTest (0 ms total)

[----------] Global test environment tear-down
[==========] 1 test from 1 test suite ran. (0 ms total)
[  PASSED  ] 1 test.
<end of output>
Test time =   0.00 sec
----------------------------------------------------------
Test Passed.
"LCGRandomTest.SameSeedProducesSameSequence" end time: Jul 28 11:46 EDT
"LCGRandomTest.SameSeedProducesSameSequence" time elapsed: 00:00:00
----------------------------------------------------------

3/11 Testing: LCGRandomTest.MeanIsApproximatelyHalf
3/11 Test: LCGRandomTest.MeanIsApproximatelyHalf
Command: "/Users/kevinnguyen/Documents/quant study materials/projects/MonteCarloEngine/build/random_tests" "--gtest_filter=LCGRandomTest.MeanIsApproximatelyHalf" "--gtest_also_run_disabled_tests"
Directory: /Users/kevinnguyen/Documents/quant study materials/projects/MonteCarloEngine/build
"LCGRandomTest.MeanIsApproximatelyHalf" start time: Jul 28 11:46 EDT
Output:
----------------------------------------------------------
Running main() from /Users/kevinnguyen/Documents/quant study materials/projects/MonteCarloEngine/build/_deps/googletest-src/googletest/src/gtest_main.cc
Note: Google Test filter = LCGRandomTest.MeanIsApproximatelyHalf
[==========] Running 1 test from 1 test suite.
[----------] Global test environment set-up.
[----------] 1 test from LCGRandomTest
[ RUN      ] LCGRandomTest.MeanIsApproximatelyHalf
[       OK ] LCGRandomTest.MeanIsApproximatelyHalf (4 ms)
[----------] 1 test from LCGRandomTest (4 ms total)

[----------] Global test environment tear-down
[==========] 1 test from 1 test suite ran. (4 ms total)
[  PASSED  ] 1 test.
<end of output>
Test time =   0.01 sec
----------------------------------------------------------
Test Passed.
"LCGRandomTest.MeanIsApproximatelyHalf" end time: Jul 28 11:46 EDT
"LCGRandomTest.MeanIsApproximatelyHalf" time elapsed: 00:00:00
----------------------------------------------------------

4/11 Testing: MTRandomTest.ValuesAreInRange
4/11 Test: MTRandomTest.ValuesAreInRange
Command: "/Users/kevinnguyen/Documents/quant study materials/projects/MonteCarloEngine/build/random_tests" "--gtest_filter=MTRandomTest.ValuesAreInRange" "--gtest_also_run_disabled_tests"
Directory: /Users/kevinnguyen/Documents/quant study materials/projects/MonteCarloEngine/build
"MTRandomTest.ValuesAreInRange" start time: Jul 28 11:46 EDT
Output:
----------------------------------------------------------
Running main() from /Users/kevinnguyen/Documents/quant study materials/projects/MonteCarloEngine/build/_deps/googletest-src/googletest/src/gtest_main.cc
Note: Google Test filter = MTRandomTest.ValuesAreInRange
[==========] Running 1 test from 1 test suite.
[----------] Global test environment set-up.
[----------] 1 test from MTRandomTest
[ RUN      ] MTRandomTest.ValuesAreInRange
[       OK ] MTRandomTest.ValuesAreInRange (5 ms)
[----------] 1 test from MTRandomTest (5 ms total)

[----------] Global test environment tear-down
[==========] 1 test from 1 test suite ran. (5 ms total)
[  PASSED  ] 1 test.
<end of output>
Test time =   0.01 sec
----------------------------------------------------------
Test Passed.
"MTRandomTest.ValuesAreInRange" end time: Jul 28 11:46 EDT
"MTRandomTest.ValuesAreInRange" time elapsed: 00:00:00
----------------------------------------------------------

5/11 Testing: MTRandomTest.SameSeedProducesSameSequence
5/11 Test: MTRandomTest.SameSeedProducesSameSequence
Command: "/Users/kevinnguyen/Documents/quant study materials/projects/MonteCarloEngine/build/random_tests" "--gtest_filter=MTRandomTest.SameSeedProducesSameSequence" "--gtest_also_run_disabled_tests"
Directory: /Users/kevinnguyen/Documents/quant study materials/projects/MonteCarloEngine/build
"MTRandomTest.SameSeedProducesSameSequence" start time: Jul 28 11:46 EDT
Output:
----------------------------------------------------------
Running main() from /Users/kevinnguyen/Documents/quant study materials/projects/MonteCarloEngine/build/_deps/googletest-src/googletest/src/gtest_main.cc
Note: Google Test filter = MTRandomTest.SameSeedProducesSameSequence
[==========] Running 1 test from 1 test suite.
[----------] Global test environment set-up.
[----------] 1 test from MTRandomTest
[ RUN      ] MTRandomTest.SameSeedProducesSameSequence
[       OK ] MTRandomTest.SameSeedProducesSameSequence (0 ms)
[----------] 1 test from MTRandomTest (0 ms total)

[----------] Global test environment tear-down
[==========] 1 test from 1 test suite ran. (0 ms total)
[  PASSED  ] 1 test.
<end of output>
Test time =   0.00 sec
----------------------------------------------------------
Test Passed.
"MTRandomTest.SameSeedProducesSameSequence" end time: Jul 28 11:46 EDT
"MTRandomTest.SameSeedProducesSameSequence" time elapsed: 00:00:00
----------------------------------------------------------

6/11 Testing: MTRandomTest.MeanIsApproximatelyHalf
6/11 Test: MTRandomTest.MeanIsApproximatelyHalf
Command: "/Users/kevinnguyen/Documents/quant study materials/projects/MonteCarloEngine/build/random_tests" "--gtest_filter=MTRandomTest.MeanIsApproximatelyHalf" "--gtest_also_run_disabled_tests"
Directory: /Users/kevinnguyen/Documents/quant study materials/projects/MonteCarloEngine/build
"MTRandomTest.MeanIsApproximatelyHalf" start time: Jul 28 11:46 EDT
Output:
----------------------------------------------------------
Running main() from /Users/kevinnguyen/Documents/quant study materials/projects/MonteCarloEngine/build/_deps/googletest-src/googletest/src/gtest_main.cc
Note: Google Test filter = MTRandomTest.MeanIsApproximatelyHalf
[==========] Running 1 test from 1 test suite.
[----------] Global test environment set-up.
[----------] 1 test from MTRandomTest
[ RUN      ] MTRandomTest.MeanIsApproximatelyHalf
[       OK ] MTRandomTest.MeanIsApproximatelyHalf (41 ms)
[----------] 1 test from MTRandomTest (41 ms total)

[----------] Global test environment tear-down
[==========] 1 test from 1 test suite ran. (41 ms total)
[  PASSED  ] 1 test.
<end of output>
Test time =   0.05 sec
----------------------------------------------------------
Test Passed.
"MTRandomTest.MeanIsApproximatelyHalf" end time: Jul 28 11:46 EDT
"MTRandomTest.MeanIsApproximatelyHalf" time elapsed: 00:00:00
----------------------------------------------------------

7/11 Testing: BoxMullerTest.DistributionStatistics
7/11 Test: BoxMullerTest.DistributionStatistics
Command: "/Users/kevinnguyen/Documents/quant study materials/projects/MonteCarloEngine/build/random_tests" "--gtest_filter=BoxMullerTest.DistributionStatistics" "--gtest_also_run_disabled_tests"
Directory: /Users/kevinnguyen/Documents/quant study materials/projects/MonteCarloEngine/build
"BoxMullerTest.DistributionStatistics" start time: Jul 28 11:46 EDT
Output:
----------------------------------------------------------
Running main() from /Users/kevinnguyen/Documents/quant study materials/projects/MonteCarloEngine/build/_deps/googletest-src/googletest/src/gtest_main.cc
Note: Google Test filter = BoxMullerTest.DistributionStatistics
[==========] Running 1 test from 1 test suite.
[----------] Global test environment set-up.
[----------] 1 test from BoxMullerTest
[ RUN      ] BoxMullerTest.DistributionStatistics
[       OK ] BoxMullerTest.DistributionStatistics (62 ms)
[----------] 1 test from BoxMullerTest (62 ms total)

[----------] Global test environment tear-down
[==========] 1 test from 1 test suite ran. (62 ms total)
[  PASSED  ] 1 test.
<end of output>
Test time =   0.07 sec
----------------------------------------------------------
Test Passed.
"BoxMullerTest.DistributionStatistics" end time: Jul 28 11:46 EDT
"BoxMullerTest.DistributionStatistics" time elapsed: 00:00:00
----------------------------------------------------------

8/11 Testing: EuropeanPayoffTest.CallAndPutReturnIntrinsicValue
8/11 Test: EuropeanPayoffTest.CallAndPutReturnIntrinsicValue
Command: "/Users/kevinnguyen/Documents/quant study materials/projects/MonteCarloEngine/build/random_tests" "--gtest_filter=EuropeanPayoffTest.CallAndPutReturnIntrinsicValue" "--gtest_also_run_disabled_tests"
Directory: /Users/kevinnguyen/Documents/quant study materials/projects/MonteCarloEngine/build
"EuropeanPayoffTest.CallAndPutReturnIntrinsicValue" start time: Jul 28 11:46 EDT
Output:
----------------------------------------------------------
Running main() from /Users/kevinnguyen/Documents/quant study materials/projects/MonteCarloEngine/build/_deps/googletest-src/googletest/src/gtest_main.cc
Note: Google Test filter = EuropeanPayoffTest.CallAndPutReturnIntrinsicValue
[==========] Running 1 test from 1 test suite.
[----------] Global test environment set-up.
[----------] 1 test from EuropeanPayoffTest
[ RUN      ] EuropeanPayoffTest.CallAndPutReturnIntrinsicValue
[       OK ] EuropeanPayoffTest.CallAndPutReturnIntrinsicValue (0 ms)
[----------] 1 test from EuropeanPayoffTest (0 ms total)

[----------] Global test environment tear-down
[==========] 1 test from 1 test suite ran. (0 ms total)
[  PASSED  ] 1 test.
<end of output>
Test time =   0.00 sec
----------------------------------------------------------
Test Passed.
"EuropeanPayoffTest.CallAndPutReturnIntrinsicValue" end time: Jul 28 11:46 EDT
"EuropeanPayoffTest.CallAndPutReturnIntrinsicValue" time elapsed: 00:00:00
----------------------------------------------------------

9/11 Testing: MonteCarloPricerTest.ZeroVolatilityMatchesDiscountedPayoff
9/11 Test: MonteCarloPricerTest.ZeroVolatilityMatchesDiscountedPayoff
Command: "/Users/kevinnguyen/Documents/quant study materials/projects/MonteCarloEngine/build/random_tests" "--gtest_filter=MonteCarloPricerTest.ZeroVolatilityMatchesDiscountedPayoff" "--gtest_also_run_disabled_tests"
Directory: /Users/kevinnguyen/Documents/quant study materials/projects/MonteCarloEngine/build
"MonteCarloPricerTest.ZeroVolatilityMatchesDiscountedPayoff" start time: Jul 28 11:46 EDT
Output:
----------------------------------------------------------
Running main() from /Users/kevinnguyen/Documents/quant study materials/projects/MonteCarloEngine/build/_deps/googletest-src/googletest/src/gtest_main.cc
Note: Google Test filter = MonteCarloPricerTest.ZeroVolatilityMatchesDiscountedPayoff
[==========] Running 1 test from 1 test suite.
[----------] Global test environment set-up.
[----------] 1 test from MonteCarloPricerTest
[ RUN      ] MonteCarloPricerTest.ZeroVolatilityMatchesDiscountedPayoff
[       OK ] MonteCarloPricerTest.ZeroVolatilityMatchesDiscountedPayoff (0 ms)
[----------] 1 test from MonteCarloPricerTest (0 ms total)

[----------] Global test environment tear-down
[==========] 1 test from 1 test suite ran. (0 ms total)
[  PASSED  ] 1 test.
<end of output>
Test time =   0.00 sec
----------------------------------------------------------
Test Passed.
"MonteCarloPricerTest.ZeroVolatilityMatchesDiscountedPayoff" end time: Jul 28 11:46 EDT
"MonteCarloPricerTest.ZeroVolatilityMatchesDiscountedPayoff" time elapsed: 00:00:00
----------------------------------------------------------

10/11 Testing: MonteCarloPricerTest.PricesEuropeanCallNearBlackScholesValue
10/11 Test: MonteCarloPricerTest.PricesEuropeanCallNearBlackScholesValue
Command: "/Users/kevinnguyen/Documents/quant study materials/projects/MonteCarloEngine/build/random_tests" "--gtest_filter=MonteCarloPricerTest.PricesEuropeanCallNearBlackScholesValue" "--gtest_also_run_disabled_tests"
Directory: /Users/kevinnguyen/Documents/quant study materials/projects/MonteCarloEngine/build
"MonteCarloPricerTest.PricesEuropeanCallNearBlackScholesValue" start time: Jul 28 11:46 EDT
Output:
----------------------------------------------------------
Running main() from /Users/kevinnguyen/Documents/quant study materials/projects/MonteCarloEngine/build/_deps/googletest-src/googletest/src/gtest_main.cc
Note: Google Test filter = MonteCarloPricerTest.PricesEuropeanCallNearBlackScholesValue
[==========] Running 1 test from 1 test suite.
[----------] Global test environment set-up.
[----------] 1 test from MonteCarloPricerTest
[ RUN      ] MonteCarloPricerTest.PricesEuropeanCallNearBlackScholesValue
[       OK ] MonteCarloPricerTest.PricesEuropeanCallNearBlackScholesValue (16 ms)
[----------] 1 test from MonteCarloPricerTest (16 ms total)

[----------] Global test environment tear-down
[==========] 1 test from 1 test suite ran. (16 ms total)
[  PASSED  ] 1 test.
<end of output>
Test time =   0.02 sec
----------------------------------------------------------
Test Passed.
"MonteCarloPricerTest.PricesEuropeanCallNearBlackScholesValue" end time: Jul 28 11:46 EDT
"MonteCarloPricerTest.PricesEuropeanCallNearBlackScholesValue" time elapsed: 00:00:00
----------------------------------------------------------

11/11 Testing: MonteCarloPricerTest.RejectsInvalidInputs
11/11 Test: MonteCarloPricerTest.RejectsInvalidInputs
Command: "/Users/kevinnguyen/Documents/quant study materials/projects/MonteCarloEngine/build/random_tests" "--gtest_filter=MonteCarloPricerTest.RejectsInvalidInputs" "--gtest_also_run_disabled_tests"
Directory: /Users/kevinnguyen/Documents/quant study materials/projects/MonteCarloEngine/build
"MonteCarloPricerTest.RejectsInvalidInputs" start time: Jul 28 11:46 EDT
Output:
----------------------------------------------------------
Running main() from /Users/kevinnguyen/Documents/quant study materials/projects/MonteCarloEngine/build/_deps/googletest-src/googletest/src/gtest_main.cc
Note: Google Test filter = MonteCarloPricerTest.RejectsInvalidInputs
[==========] Running 1 test from 1 test suite.
[----------] Global test environment set-up.
[----------] 1 test from MonteCarloPricerTest
[ RUN      ] MonteCarloPricerTest.RejectsInvalidInputs
[       OK ] MonteCarloPricerTest.RejectsInvalidInputs (0 ms)
[----------] 1 test from MonteCarloPricerTest (0 ms total)

[----------] Global test environment tear-down
[==========] 1 test from 1 test suite ran. (0 ms total)
[  PASSED  ] 1 test.
<end of output>
Test time =   0.00 sec
----------------------------------------------------------
Test Passed.
"MonteCarloPricerTest.RejectsInvalidInputs" end time: Jul 28 11:46 EDT
"MonteCarloPricerTest.RejectsInvalidInputs" time elapsed: 00:00:00
----------------------------------------------------------

End testing: Jul 28 11:46 EDT
